{"C:\\Users\\Shree Sai\\OneDrive\\Desktop\\code-review-system\\backend\\src\\config\\env.ts": {"path":"C:\\Users\\Shree Sai\\OneDrive\\Desktop\\code-review-system\\backend\\src\\config\\env.ts","statementMap":{"0":{"start":{"line":8,"column":18},"end":{"line":40,"column":2}},"1":{"start":{"line":45,"column":17},"end":{"line":45,"column":49}},"2":{"start":{"line":47,"column":2},"end":{"line":59,"column":null}},"3":{"start":{"line":48,"column":22},"end":{"line":50,"column":17}},"4":{"start":{"line":49,"column":22},"end":{"line":49,"column":70}},"5":{"start":{"line":52,"column":4},"end":{"line":52,"column":null}},"6":{"start":{"line":53,"column":4},"end":{"line":53,"column":null}},"7":{"start":{"line":54,"column":4},"end":{"line":54,"column":null}},"8":{"start":{"line":55,"column":4},"end":{"line":55,"column":null}},"9":{"start":{"line":56,"column":4},"end":{"line":56,"column":null}},"10":{"start":{"line":57,"column":4},"end":{"line":57,"column":null}},"11":{"start":{"line":59,"column":4},"end":{"line":59,"column":null}},"12":{"start":{"line":62,"column":2},"end":{"line":62,"column":null}},"13":{"start":{"line":76,"column":6},"end":{"line":76,"column":null}},"14":{"start":{"line":78,"column":24},"end":{"line":80,"column":17}}},"fnMap":{"0":{"name":"validateEnv","decl":{"start":{"line":44,"column":9},"end":{"line":44,"column":28}},"loc":{"start":{"line":44,"column":28},"end":{"line":62,"column":null}},"line":44},"1":{"name":"(anonymous_1)","decl":{"start":{"line":49,"column":7},"end":{"line":49,"column":12}},"loc":{"start":{"line":49,"column":22},"end":{"line":49,"column":70}},"line":49}},"branchMap":{"0":{"loc":{"start":{"line":47,"column":2},"end":{"line":59,"column":null}},"type":"if","locations":[{"start":{"line":47,"column":2},"end":{"line":59,"column":null}},{"start":{},"end":{}}],"line":47},"1":{"loc":{"start":{"line":78,"column":24},"end":{"line":80,"column":17}},"type":"cond-expr","locations":[{"start":{"line":79,"column":5},"end":{"line":79,"column":null}},{"start":{"line":80,"column":4},"end":{"line":80,"column":17}}],"line":78}},"s":{"0":1,"1":0,"2":0,"3":0,"4":0,"5":0,"6":0,"7":0,"8":0,"9":0,"10":0,"11":0,"12":0,"13":1,"14":1},"f":{"0":0,"1":0},"b":{"0":[0,0],"1":[1,0]},"meta":{"lastBranch":2,"lastFunction":2,"lastStatement":15,"seen":{"s:8:18:40:2":0,"f:44:9:44:28":0,"s:45:17:45:49":1,"b:47:2:59:Infinity:undefined:undefined:undefined:undefined":0,"s:47:2:59:Infinity":2,"s:48:22:50:17":3,"f:49:7:49:12":1,"s:49:22:49:70":4,"s:52:4:52:Infinity":5,"s:53:4:53:Infinity":6,"s:54:4:54:Infinity":7,"s:55:4:55:Infinity":8,"s:56:4:56:Infinity":9,"s:57:4:57:Infinity":10,"s:59:4:59:Infinity":11,"s:62:2:62:Infinity":12,"s:76:6:76:Infinity":13,"s:78:24:80:17":14,"b:79:5:79:Infinity:80:4:80:17":1}}}
,"C:\\Users\\Shree Sai\\OneDrive\\Desktop\\code-review-system\\backend\\src\\utils\\crypto.ts": {"path":"C:\\Users\\Shree Sai\\OneDrive\\Desktop\\code-review-system\\backend\\src\\utils\\crypto.ts","statementMap":{"0":{"start":{"line":4,"column":18},"end":{"line":4,"column":null}},"1":{"start":{"line":7,"column":23},"end":{"line":7,"column":61}},"2":{"start":{"line":14,"column":13},"end":{"line":14,"column":35}},"3":{"start":{"line":15,"column":17},"end":{"line":15,"column":69}},"4":{"start":{"line":17,"column":18},"end":{"line":17,"column":57}},"5":{"start":{"line":18,"column":2},"end":{"line":18,"column":null}},"6":{"start":{"line":20,"column":18},"end":{"line":20,"column":53}},"7":{"start":{"line":22,"column":2},"end":{"line":22,"column":null}},"8":{"start":{"line":30,"column":16},"end":{"line":30,"column":36}},"9":{"start":{"line":31,"column":2},"end":{"line":32,"column":null}},"10":{"start":{"line":32,"column":4},"end":{"line":32,"column":null}},"11":{"start":{"line":35,"column":45},"end":{"line":35,"column":null}},"12":{"start":{"line":36,"column":13},"end":{"line":36,"column":38}},"13":{"start":{"line":37,"column":18},"end":{"line":37,"column":48}},"14":{"start":{"line":39,"column":19},"end":{"line":39,"column":73}},"15":{"start":{"line":40,"column":2},"end":{"line":40,"column":null}},"16":{"start":{"line":42,"column":18},"end":{"line":42,"column":63}},"17":{"start":{"line":43,"column":2},"end":{"line":43,"column":null}},"18":{"start":{"line":45,"column":2},"end":{"line":45,"column":null}},"19":{"start":{"line":52,"column":15},"end":{"line":52,"column":62}},"20":{"start":{"line":53,"column":15},"end":{"line":53,"column":62}},"21":{"start":{"line":55,"column":2},"end":{"line":56,"column":null}},"22":{"start":{"line":56,"column":4},"end":{"line":56,"column":null}},"23":{"start":{"line":59,"column":2},"end":{"line":59,"column":null}}},"fnMap":{"0":{"name":"encrypt","decl":{"start":{"line":13,"column":16},"end":{"line":13,"column":24}},"loc":{"start":{"line":13,"column":51},"end":{"line":22,"column":null}},"line":13},"1":{"name":"decrypt","decl":{"start":{"line":29,"column":16},"end":{"line":29,"column":24}},"loc":{"start":{"line":29,"column":51},"end":{"line":45,"column":null}},"line":29},"2":{"name":"timingSafeEqual","decl":{"start":{"line":51,"column":16},"end":{"line":51,"column":32}},"loc":{"start":{"line":51,"column":81},"end":{"line":59,"column":null}},"line":51}},"branchMap":{"0":{"loc":{"start":{"line":31,"column":2},"end":{"line":32,"column":null}},"type":"if","locations":[{"start":{"line":31,"column":2},"end":{"line":32,"column":null}},{"start":{},"end":{}}],"line":31},"1":{"loc":{"start":{"line":52,"column":15},"end":{"line":52,"column":62}},"type":"cond-expr","locations":[{"start":{"line":52,"column":36},"end":{"line":52,"column":40}},{"start":{"line":52,"column":40},"end":{"line":52,"column":62}}],"line":52},"2":{"loc":{"start":{"line":53,"column":15},"end":{"line":53,"column":62}},"type":"cond-expr","locations":[{"start":{"line":53,"column":36},"end":{"line":53,"column":40}},{"start":{"line":53,"column":40},"end":{"line":53,"column":62}}],"line":53},"3":{"loc":{"start":{"line":55,"column":2},"end":{"line":56,"column":null}},"type":"if","locations":[{"start":{"line":55,"column":2},"end":{"line":56,"column":null}},{"start":{},"end":{}}],"line":55}},"s":{"0":1,"1":1,"2":4,"3":4,"4":4,"5":4,"6":4,"7":4,"8":4,"9":4,"10":0,"11":4,"12":4,"13":4,"14":4,"15":4,"16":4,"17":4,"18":4,"19":3,"20":3,"21":3,"22":1,"23":2},"f":{"0":4,"1":4,"2":3},"b":{"0":[0,4],"1":[0,3],"2":[0,3],"3":[1,2]},"meta":{"lastBranch":4,"lastFunction":3,"lastStatement":24,"seen":{"s:4:18:4:Infinity":0,"s:7:23:7:61":1,"f:13:16:13:24":0,"s:14:13:14:35":2,"s:15:17:15:69":3,"s:17:18:17:57":4,"s:18:2:18:Infinity":5,"s:20:18:20:53":6,"s:22:2:22:Infinity":7,"f:29:16:29:24":1,"s:30:16:30:36":8,"b:31:2:32:Infinity:undefined:undefined:undefined:undefined":0,"s:31:2:32:Infinity":9,"s:32:4:32:Infinity":10,"s:35:45:35:Infinity":11,"s:36:13:36:38":12,"s:37:18:37:48":13,"s:39:19:39:73":14,"s:40:2:40:Infinity":15,"s:42:18:42:63":16,"s:43:2:43:Infinity":17,"s:45:2:45:Infinity":18,"f:51:16:51:32":2,"s:52:15:52:62":19,"b:52:36:52:40:52:40:52:62":1,"s:53:15:53:62":20,"b:53:36:53:40:53:40:53:62":2,"b:55:2:56:Infinity:undefined:undefined:undefined:undefined":3,"s:55:2:56:Infinity":21,"s:56:4:56:Infinity":22,"s:59:2:59:Infinity":23}}}
,"C:\\Users\\Shree Sai\\OneDrive\\Desktop\\code-review-system\\backend\\src\\utils\\errors.ts": {"path":"C:\\Users\\Shree Sai\\OneDrive\\Desktop\\code-review-system\\backend\\src\\utils\\errors.ts","statementMap":{"0":{"start":{"line":9,"column":4},"end":{"line":9,"column":null}},"1":{"start":{"line":10,"column":4},"end":{"line":10,"column":null}},"2":{"start":{"line":11,"column":4},"end":{"line":11,"column":null}},"3":{"start":{"line":12,"column":4},"end":{"line":12,"column":null}},"4":{"start":{"line":18,"column":4},"end":{"line":18,"column":null}},"5":{"start":{"line":24,"column":4},"end":{"line":24,"column":null}},"6":{"start":{"line":30,"column":4},"end":{"line":30,"column":null}},"7":{"start":{"line":36,"column":4},"end":{"line":36,"column":null}},"8":{"start":{"line":42,"column":4},"end":{"line":42,"column":null}}},"fnMap":{"0":{"name":"(anonymous_0)","decl":{"start":{"line":8,"column":2},"end":{"line":8,"column":14}},"loc":{"start":{"line":8,"column":82},"end":{"line":12,"column":null}},"line":8},"1":{"name":"(anonymous_1)","decl":{"start":{"line":17,"column":2},"end":{"line":17,"column":14}},"loc":{"start":{"line":17,"column":31},"end":{"line":18,"column":null}},"line":17},"2":{"name":"(anonymous_2)","decl":{"start":{"line":23,"column":2},"end":{"line":23,"column":14}},"loc":{"start":{"line":23,"column":55},"end":{"line":24,"column":null}},"line":23},"3":{"name":"(anonymous_3)","decl":{"start":{"line":29,"column":2},"end":{"line":29,"column":14}},"loc":{"start":{"line":29,"column":52},"end":{"line":30,"column":null}},"line":29},"4":{"name":"(anonymous_4)","decl":{"start":{"line":35,"column":2},"end":{"line":35,"column":14}},"loc":{"start":{"line":35,"column":54},"end":{"line":36,"column":null}},"line":35},"5":{"name":"(anonymous_5)","decl":{"start":{"line":41,"column":2},"end":{"line":41,"column":14}},"loc":{"start":{"line":41,"column":31},"end":{"line":42,"column":null}},"line":41}},"branchMap":{"0":{"loc":{"start":{"line":8,"column":51},"end":{"line":8,"column":82}},"type":"default-arg","locations":[{"start":{"line":8,"column":76},"end":{"line":8,"column":82}}],"line":8},"1":{"loc":{"start":{"line":23,"column":14},"end":{"line":23,"column":55}},"type":"default-arg","locations":[{"start":{"line":23,"column":32},"end":{"line":23,"column":55}}],"line":23},"2":{"loc":{"start":{"line":29,"column":14},"end":{"line":29,"column":52}},"type":"default-arg","locations":[{"start":{"line":29,"column":32},"end":{"line":29,"column":52}}],"line":29},"3":{"loc":{"start":{"line":35,"column":14},"end":{"line":35,"column":54}},"type":"default-arg","locations":[{"start":{"line":35,"column":32},"end":{"line":35,"column":54}}],"line":35}},"s":{"0":6,"1":6,"2":6,"3":6,"4":1,"5":1,"6":1,"7":1,"8":1},"f":{"0":6,"1":1,"2":1,"3":1,"4":1,"5":1},"b":{"0":[6],"1":[1],"2":[1],"3":[1]},"meta":{"lastBranch":4,"lastFunction":6,"lastStatement":9,"seen":{"f:8:2:8:14":0,"b:8:76:8:82":0,"s:9:4:9:Infinity":0,"s:10:4:10:Infinity":1,"s:11:4:11:Infinity":2,"s:12:4:12:Infinity":3,"f:17:2:17:14":1,"s:18:4:18:Infinity":4,"f:23:2:23:14":2,"b:23:32:23:55":1,"s:24:4:24:Infinity":5,"f:29:2:29:14":3,"b:29:32:29:52":2,"s:30:4:30:Infinity":6,"f:35:2:35:14":4,"b:35:32:35:54":3,"s:36:4:36:Infinity":7,"f:41:2:41:14":5,"s:42:4:42:Infinity":8}}}
}
