{"C:\\Users\\Shree Sai\\OneDrive\\Desktop\\code-review-system\\backend\\src\\utils\\crypto.ts": {"path":"C:\\Users\\Shree Sai\\OneDrive\\Desktop\\code-review-system\\backend\\src\\utils\\crypto.ts","statementMap":{"0":{"start":{"line":3,"column":18},"end":{"line":3,"column":null}},"1":{"start":{"line":9,"column":26},"end":{"line":9,"column":null}},"2":{"start":{"line":11,"column":2},"end":{"line":16,"column":null}},"3":{"start":{"line":12,"column":16},"end":{"line":12,"column":null}},"4":{"start":{"line":13,"column":4},"end":{"line":14,"column":null}},"5":{"start":{"line":14,"column":6},"end":{"line":14,"column":null}},"6":{"start":{"line":16,"column":4},"end":{"line":16,"column":null}},"7":{"start":{"line":18,"column":2},"end":{"line":18,"column":null}},"8":{"start":{"line":26,"column":13},"end":{"line":26,"column":35}},"9":{"start":{"line":27,"column":17},"end":{"line":27,"column":63}},"10":{"start":{"line":29,"column":18},"end":{"line":29,"column":57}},"11":{"start":{"line":30,"column":2},"end":{"line":30,"column":null}},"12":{"start":{"line":32,"column":18},"end":{"line":32,"column":53}},"13":{"start":{"line":34,"column":2},"end":{"line":34,"column":null}},"14":{"start":{"line":42,"column":16},"end":{"line":42,"column":36}},"15":{"start":{"line":43,"column":2},"end":{"line":44,"column":null}},"16":{"start":{"line":44,"column":4},"end":{"line":44,"column":null}},"17":{"start":{"line":47,"column":45},"end":{"line":47,"column":null}},"18":{"start":{"line":48,"column":13},"end":{"line":48,"column":38}},"19":{"start":{"line":49,"column":18},"end":{"line":49,"column":48}},"20":{"start":{"line":51,"column":19},"end":{"line":51,"column":67}},"21":{"start":{"line":52,"column":2},"end":{"line":52,"column":null}},"22":{"start":{"line":54,"column":18},"end":{"line":54,"column":63}},"23":{"start":{"line":55,"column":2},"end":{"line":55,"column":null}},"24":{"start":{"line":57,"column":2},"end":{"line":57,"column":null}},"25":{"start":{"line":64,"column":15},"end":{"line":64,"column":62}},"26":{"start":{"line":65,"column":15},"end":{"line":65,"column":62}},"27":{"start":{"line":67,"column":2},"end":{"line":68,"column":null}},"28":{"start":{"line":68,"column":4},"end":{"line":68,"column":null}},"29":{"start":{"line":71,"column":2},"end":{"line":71,"column":null}}},"fnMap":{"0":{"name":"getKey","decl":{"start":{"line":10,"column":9},"end":{"line":10,"column":26}},"loc":{"start":{"line":10,"column":26},"end":{"line":18,"column":null}},"line":10},"1":{"name":"encrypt","decl":{"start":{"line":25,"column":16},"end":{"line":25,"column":24}},"loc":{"start":{"line":25,"column":51},"end":{"line":34,"column":null}},"line":25},"2":{"name":"decrypt","decl":{"start":{"line":41,"column":16},"end":{"line":41,"column":24}},"loc":{"start":{"line":41,"column":51},"end":{"line":57,"column":null}},"line":41},"3":{"name":"timingSafeEqual","decl":{"start":{"line":63,"column":16},"end":{"line":63,"column":32}},"loc":{"start":{"line":63,"column":81},"end":{"line":71,"column":null}},"line":63}},"branchMap":{"0":{"loc":{"start":{"line":11,"column":2},"end":{"line":16,"column":null}},"type":"if","locations":[{"start":{"line":11,"column":2},"end":{"line":16,"column":null}},{"start":{},"end":{}}],"line":11},"1":{"loc":{"start":{"line":13,"column":4},"end":{"line":14,"column":null}},"type":"if","locations":[{"start":{"line":13,"column":4},"end":{"line":14,"column":null}},{"start":{},"end":{}}],"line":13},"2":{"loc":{"start":{"line":43,"column":2},"end":{"line":44,"column":null}},"type":"if","locations":[{"start":{"line":43,"column":2},"end":{"line":44,"column":null}},{"start":{},"end":{}}],"line":43},"3":{"loc":{"start":{"line":64,"column":15},"end":{"line":64,"column":62}},"type":"cond-expr","locations":[{"start":{"line":64,"column":36},"end":{"line":64,"column":40}},{"start":{"line":64,"column":40},"end":{"line":64,"column":62}}],"line":64},"4":{"loc":{"start":{"line":65,"column":15},"end":{"line":65,"column":62}},"type":"cond-expr","locations":[{"start":{"line":65,"column":36},"end":{"line":65,"column":40}},{"start":{"line":65,"column":40},"end":{"line":65,"column":62}}],"line":65},"5":{"loc":{"start":{"line":67,"column":2},"end":{"line":68,"column":null}},"type":"if","locations":[{"start":{"line":67,"column":2},"end":{"line":68,"column":null}},{"start":{},"end":{}}],"line":67}},"s":{"0":1,"1":1,"2":8,"3":1,"4":1,"5":0,"6":1,"7":8,"8":4,"9":4,"10":4,"11":4,"12":4,"13":4,"14":4,"15":4,"16":0,"17":4,"18":4,"19":4,"20":4,"21":4,"22":4,"23":4,"24":4,"25":3,"26":3,"27":3,"28":1,"29":2},"f":{"0":8,"1":4,"2":4,"3":3},"b":{"0":[1,7],"1":[0,1],"2":[0,4],"3":[0,3],"4":[0,3],"5":[1,2]},"meta":{"lastBranch":6,"lastFunction":4,"lastStatement":30,"seen":{"s:3:18:3:Infinity":0,"s:9:26:9:Infinity":1,"f:10:9:10:26":0,"b:11:2:16:Infinity:undefined:undefined:undefined:undefined":0,"s:11:2:16:Infinity":2,"s:12:16:12:Infinity":3,"b:13:4:14:Infinity:undefined:undefined:undefined:undefined":1,"s:13:4:14:Infinity":4,"s:14:6:14:Infinity":5,"s:16:4:16:Infinity":6,"s:18:2:18:Infinity":7,"f:25:16:25:24":1,"s:26:13:26:35":8,"s:27:17:27:63":9,"s:29:18:29:57":10,"s:30:2:30:Infinity":11,"s:32:18:32:53":12,"s:34:2:34:Infinity":13,"f:41:16:41:24":2,"s:42:16:42:36":14,"b:43:2:44:Infinity:undefined:undefined:undefined:undefined":2,"s:43:2:44:Infinity":15,"s:44:4:44:Infinity":16,"s:47:45:47:Infinity":17,"s:48:13:48:38":18,"s:49:18:49:48":19,"s:51:19:51:67":20,"s:52:2:52:Infinity":21,"s:54:18:54:63":22,"s:55:2:55:Infinity":23,"s:57:2:57:Infinity":24,"f:63:16:63:32":3,"s:64:15:64:62":25,"b:64:36:64:40:64:40:64:62":3,"s:65:15:65:62":26,"b:65:36:65:40:65:40:65:62":4,"b:67:2:68:Infinity:undefined:undefined:undefined:undefined":5,"s:67:2:68:Infinity":27,"s:68:4:68:Infinity":28,"s:71:2:71:Infinity":29}}}
,"C:\\Users\\Shree Sai\\OneDrive\\Desktop\\code-review-system\\backend\\src\\utils\\errors.ts": {"path":"C:\\Users\\Shree Sai\\OneDrive\\Desktop\\code-review-system\\backend\\src\\utils\\errors.ts","statementMap":{"0":{"start":{"line":9,"column":4},"end":{"line":9,"column":null}},"1":{"start":{"line":10,"column":4},"end":{"line":10,"column":null}},"2":{"start":{"line":11,"column":4},"end":{"line":11,"column":null}},"3":{"start":{"line":12,"column":4},"end":{"line":12,"column":null}},"4":{"start":{"line":18,"column":4},"end":{"line":18,"column":null}},"5":{"start":{"line":24,"column":4},"end":{"line":24,"column":null}},"6":{"start":{"line":30,"column":4},"end":{"line":30,"column":null}},"7":{"start":{"line":36,"column":4},"end":{"line":36,"column":null}},"8":{"start":{"line":42,"column":4},"end":{"line":42,"column":null}}},"fnMap":{"0":{"name":"(anonymous_0)","decl":{"start":{"line":8,"column":2},"end":{"line":8,"column":14}},"loc":{"start":{"line":8,"column":82},"end":{"line":12,"column":null}},"line":8},"1":{"name":"(anonymous_1)","decl":{"start":{"line":17,"column":2},"end":{"line":17,"column":14}},"loc":{"start":{"line":17,"column":31},"end":{"line":18,"column":null}},"line":17},"2":{"name":"(anonymous_2)","decl":{"start":{"line":23,"column":2},"end":{"line":23,"column":14}},"loc":{"start":{"line":23,"column":55},"end":{"line":24,"column":null}},"line":23},"3":{"name":"(anonymous_3)","decl":{"start":{"line":29,"column":2},"end":{"line":29,"column":14}},"loc":{"start":{"line":29,"column":52},"end":{"line":30,"column":null}},"line":29},"4":{"name":"(anonymous_4)","decl":{"start":{"line":35,"column":2},"end":{"line":35,"column":14}},"loc":{"start":{"line":35,"column":54},"end":{"line":36,"column":null}},"line":35},"5":{"name":"(anonymous_5)","decl":{"start":{"line":41,"column":2},"end":{"line":41,"column":14}},"loc":{"start":{"line":41,"column":31},"end":{"line":42,"column":null}},"line":41}},"branchMap":{"0":{"loc":{"start":{"line":8,"column":51},"end":{"line":8,"column":82}},"type":"default-arg","locations":[{"start":{"line":8,"column":76},"end":{"line":8,"column":82}}],"line":8},"1":{"loc":{"start":{"line":23,"column":14},"end":{"line":23,"column":55}},"type":"default-arg","locations":[{"start":{"line":23,"column":32},"end":{"line":23,"column":55}}],"line":23},"2":{"loc":{"start":{"line":29,"column":14},"end":{"line":29,"column":52}},"type":"default-arg","locations":[{"start":{"line":29,"column":32},"end":{"line":29,"column":52}}],"line":29},"3":{"loc":{"start":{"line":35,"column":14},"end":{"line":35,"column":54}},"type":"default-arg","locations":[{"start":{"line":35,"column":32},"end":{"line":35,"column":54}}],"line":35}},"s":{"0":6,"1":6,"2":6,"3":6,"4":1,"5":1,"6":1,"7":1,"8":1},"f":{"0":6,"1":1,"2":1,"3":1,"4":1,"5":1},"b":{"0":[6],"1":[1],"2":[1],"3":[1]},"meta":{"lastBranch":4,"lastFunction":6,"lastStatement":9,"seen":{"f:8:2:8:14":0,"b:8:76:8:82":0,"s:9:4:9:Infinity":0,"s:10:4:10:Infinity":1,"s:11:4:11:Infinity":2,"s:12:4:12:Infinity":3,"f:17:2:17:14":1,"s:18:4:18:Infinity":4,"f:23:2:23:14":2,"b:23:32:23:55":1,"s:24:4:24:Infinity":5,"f:29:2:29:14":3,"b:29:32:29:52":2,"s:30:4:30:Infinity":6,"f:35:2:35:14":4,"b:35:32:35:54":3,"s:36:4:36:Infinity":7,"f:41:2:41:14":5,"s:42:4:42:Infinity":8}}}
}
